[     602ms] [WARNING] yui: NOT loaded: squarespace-visitor_site_error_reporter @ https://assets.squarespace.com/universal/scripts-compressed/common-vendors-stable-4924be797bc441f5-min.en-US.js:7
[     603ms] [WARNING] yui: NOT loaded: squarespace-cldr_resource_pack @ https://assets.squarespace.com/universal/scripts-compressed/common-vendors-stable-4924be797bc441f5-min.en-US.js:7
[     603ms] [WARNING] yui: NOT loaded: squarespace-common_vendors_stable @ https://assets.squarespace.com/universal/scripts-compressed/common-vendors-stable-4924be797bc441f5-min.en-US.js:7
[     603ms] [WARNING] yui: NOT loaded: squarespace-common_vendors @ https://assets.squarespace.com/universal/scripts-compressed/common-vendors-stable-4924be797bc441f5-min.en-US.js:7
[     605ms] [WARNING] yui: NOT loaded: squarespace-performance @ https://assets.squarespace.com/universal/scripts-compressed/common-vendors-stable-4924be797bc441f5-min.en-US.js:7
[     845ms] [ERROR] Failed to load resource: the server responded with a status of 401 () @ https://www.asianmentalhealthproject.com/api/1/website-component-definitions:0
[     846ms] [LOG] [Sentry][captureException] Request failed with status code 401 @ https://assets.squarespace.com/universal/scripts-compressed/common-6020bc324d5c9183-min.en-US.js:63
[     846ms] [ERROR] AxiosError: Request failed with status code 401
    at t (https://assets.squarespace.com/universal/scripts-compressed/common-vendors-ea18abdbfb412d25-min.en-US.js:23:824)
    at XMLHttpRequest.Le (https://assets.squarespace.com/universal/scripts-compressed/common-vendors-ea18abdbfb412d25-min.en-US.js:16:32816)
    at ze.request (https://assets.squarespace.com/universal/scripts-compressed/common-vendors-ea18abdbfb412d25-min.en-US.js:18:2276)
    at async f.fetch (https://assets.squarespace.com/universal/scripts-compressed/common-6020bc324d5c9183-min.en-US.js:69:13545)
    at async R.fetchWebsiteComponentDefinitions (https://assets.squarespace.com/universal/scripts-compressed/common-6020bc324d5c9183-min.en-US.js:71:932)
    at async https://assets.squarespace.com/universal/scripts-compressed/common-6020bc324d5c9183-min.en-US.js:73:1236
    at async R.updateComponentDefinitions (https://assets.squarespace.com/universal/scripts-compressed/common-6020bc324d5c9183-min.en-US.js:73:1515)
    at async t (https://assets.squarespace.com/universal/scripts-compressed/common-6020bc324d5c9183-min.en-US.js:64:67236)
    at async n.addEditorHeaders (https://assets.squarespace.com/universal/scripts-compressed/common-6020bc324d5c9183-min.en-US.js:64:106711)
    at async n.post (https://assets.squarespace.com/universal/scripts-compressed/common-6020bc324d5c9183-min.en-US.js:64:107062)
    at async n (https://assets.squarespace.com/universal/scripts-compressed/common-6020bc324d5c9183-min.en-US.js:64:67565) @ https://assets.squarespace.com/universal/scripts-compressed/common-6020bc324d5c9183-min.en-US.js:63
[     987ms] [LOG] [Visitor Sentry] Initialized and sending events @ https://assets.squarespace.com/universal/scripts-compressed/17823-164045977c233f43-min.en-US.js:484
